<?xml version="1.0" encoding="UTF-8"?>
<testng-results ignored="0" total="1" passed="1" failed="0" skipped="0">
  <reporter-output>
  </reporter-output>
  <suite started-at="2022-04-11T19:00:46 IST" name="Default suite" finished-at="2022-04-11T19:01:01 IST" duration-ms="15430">
    <groups>
    </groups>
    <test started-at="2022-04-11T19:00:46 IST" name="Default test" finished-at="2022-04-11T19:01:01 IST" duration-ms="15430">
      <class name="com.test.user.AllScenarios">
        <test-method is-config="true" signature="reference()[pri:0, instance:com.test.user.AllScenarios@6d763516]" started-at="2022-04-11T19:00:46 IST" name="reference" finished-at="2022-04-11T19:00:46 IST" duration-ms="297" status="PASS">
          <reporter-output>
          </reporter-output>
        </test-method> <!-- reference -->
        <test-method signature="RUNALL(java.util.Map,org.testng.ITestContext)[pri:0, instance:com.test.user.AllScenarios@6d763516]" started-at="2022-04-11T19:00:46 IST" name="RUNALL" data-provider="TestData" finished-at="2022-04-11T19:01:01 IST" duration-ms="15073" status="PASS">
          <params>
            <param index="0">
              <value>
                <![CDATA[{=, Run=Yes, TestScenario=TC_NASB_Test}]]>
              </value>
            </param>
            <param index="1">
              <value>
                <![CDATA[org.testng.TestRunner@42d236fb]]>
              </value>
            </param>
          </params>
          <reporter-output>
          </reporter-output>
        </test-method> <!-- RUNALL -->
      </class> <!-- com.test.user.AllScenarios -->
    </test> <!-- Default test -->
  </suite> <!-- Default suite -->
</testng-results>
